\BOOKMARK [1][-]{section.1}{\376\377\000P\000e\000r\000s\000o\000n\000a\000l\000\040\000I\000n\000f\000o\000r\000m\000a\000t\000i\000o\000n}{}% 1
\BOOKMARK [1][-]{section.2}{\376\377\000C\000u\000r\000r\000e\000n\000t\000\040\000E\000m\000p\000l\000o\000y\000m\000e\000n\000t}{}% 2
\BOOKMARK [1][-]{section.3}{\376\377\000D\000e\000g\000r\000e\000e\000s}{}% 3
\BOOKMARK [1][-]{section.4}{\376\377\000P\000o\000s\000t\000d\000o\000c\000t\000o\000r\000a\000l\000\040\000t\000r\000a\000i\000n\000i\000n\000g}{}% 4
\BOOKMARK [1][-]{section.5}{\376\377\000A\000w\000a\000r\000d\000s}{}% 5
\BOOKMARK [1][-]{section.6}{\376\377\000G\000r\000a\000n\000t\000s}{}% 6
\BOOKMARK [2][-]{subsection.6.1}{\376\377\000A\000q\000u\000i\000r\000e\000d\000\040\000e\000x\000t\000e\000r\000n\000a\000l\000\040\000f\000u\000n\000d\000i\000n\000g}{section.6}% 7
\BOOKMARK [2][-]{subsection.6.2}{\376\377\000M\000o\000b\000i\000l\000i\000t\000y\000\040\000g\000r\000a\000n\000t\000s}{section.6}% 8
\BOOKMARK [2][-]{subsection.6.3}{\376\377\000S\000c\000h\000o\000l\000a\000r\000s\000h\000i\000p\000s}{section.6}% 9
\BOOKMARK [1][-]{section.7}{\376\377\000S\000u\000p\000e\000r\000v\000i\000s\000i\000o\000n}{}% 10
\BOOKMARK [2][-]{subsection.7.1}{\376\377\000P\000h\000.\000D\000.\000\040\000s\000t\000u\000d\000e\000n\000t\000s\000,\000\040}{section.7}% 11
\BOOKMARK [2][-]{subsection.7.2}{\376\377\000M\000.\000S\000c\000.\000\040\000s\000t\000u\000d\000e\000n\000t\000s\000,\000\040}{section.7}% 12
\BOOKMARK [1][-]{section.8}{\376\377\000T\000e\000a\000c\000h\000i\000n\000g}{}% 13
\BOOKMARK [1][-]{section.9}{\376\377\000I\000n\000v\000i\000t\000e\000d\000\040\000t\000a\000l\000k\000s}{}% 14
\BOOKMARK [1][-]{section.10}{\376\377\000A\000d\000d\000i\000t\000i\000o\000n\000a\000l\000\040\000w\000o\000r\000k\000\040\000e\000x\000p\000e\000r\000i\000e\000n\000c\000e}{}% 15
\BOOKMARK [2][-]{subsection.10.1}{\376\377\000O\000p\000e\000n\000\040\000s\000o\000u\000r\000c\000e\000\040\000d\000e\000v\000e\000l\000o\000p\000m\000e\000n\000t}{section.10}% 16
\BOOKMARK [2][-]{subsection.10.2}{\376\377\000O\000t\000h\000e\000r\000s}{section.10}% 17
\BOOKMARK [1][-]{section.11}{\376\377\000P\000r\000o\000f\000e\000s\000s\000i\000o\000n\000a\000l\000\040\000a\000c\000t\000i\000v\000i\000t\000y}{}% 18
\BOOKMARK [2][-]{subsection.11.1}{\376\377\000P\000e\000e\000r\000\040\000r\000e\000v\000i\000e\000w\000i\000n\000g\000:\000\040\000j\000o\000u\000r\000n\000a\000l\000\040\000p\000a\000p\000e\000r\000s}{section.11}% 19
\BOOKMARK [2][-]{subsection.11.2}{\376\377\000P\000e\000e\000r\000\040\000r\000e\000v\000i\000e\000w\000i\000n\000g\000:\000\040\000c\000o\000n\000f\000e\000r\000e\000n\000c\000e\000\040\000p\000a\000p\000e\000r\000s}{section.11}% 20
\BOOKMARK [2][-]{subsection.11.3}{\376\377\000E\000x\000p\000e\000r\000t\000\040\000a\000s\000s\000i\000g\000n\000m\000e\000n\000t\000s}{section.11}% 21
\BOOKMARK [2][-]{subsection.11.4}{\376\377\000E\000x\000t\000e\000r\000n\000a\000l\000\040\000e\000x\000a\000m\000i\000n\000e\000r\000\040\000i\000n\000\040\000P\000h\000D\000.\000\040\000a\000n\000d\000\040\000M\000.\000S\000c\000.\000\040\000d\000e\000f\000e\000n\000s\000e\000s}{section.11}% 22
